  blob.cpp
  BlobContour.cpp
  BlobOperators.cpp
  BlobProperties.cpp
c:\users\18016\desktop\benchmark_otb\single-object-tracking\project1\blob.cpp(586): warning C4244: “=”: 从“double”转换到“float”，可能丢失数据
c:\users\18016\desktop\benchmark_otb\single-object-tracking\project1\blob.cpp(587): warning C4244: “=”: 从“double”转换到“float”，可能丢失数据
c:\users\18016\desktop\benchmark_otb\single-object-tracking\project1\blob.cpp(592): warning C4244: “=”: 从“double”转换到“float”，可能丢失数据
c:\users\18016\desktop\benchmark_otb\single-object-tracking\project1\blob.cpp(603): warning C4244: “=”: 从“double”转换到“float”，可能丢失数据
c:\users\18016\desktop\benchmark_otb\single-object-tracking\project1\blob.cpp(624): warning C4244: “=”: 从“double”转换到“float”，可能丢失数据
  BlobResult.cpp
  Clustering.cpp
  ComponentLabeling.cpp
  DetectionResult.cpp
c:\users\18016\desktop\benchmark_otb\single-object-tracking\project1\componentlabeling.cpp(318): warning C4244: “参数”: 从“short”转换到“t_chainCode”，可能丢失数据
c:\users\18016\desktop\benchmark_otb\single-object-tracking\project1\componentlabeling.cpp(346): warning C4244: “参数”: 从“short”转换到“t_chainCode”，可能丢失数据
c:\users\18016\desktop\benchmark_otb\single-object-tracking\project1\blobresult.h(148): warning C4267: “return”: 从“size_t”转换到“int”，可能丢失数据 (编译源文件 BlobResult.cpp)
c:\users\18016\desktop\benchmark_otb\single-object-tracking\project1\blobresult.cpp(936): warning C4473: “fprintf”: 没有为格式字符串传递足够的参数
  c:\users\18016\desktop\benchmark_otb\single-object-tracking\project1\blobresult.cpp(936): note: 占位符和其参数预计 9 可变参数，但提供的却是 8 参数
  c:\users\18016\desktop\benchmark_otb\single-object-tracking\project1\blobresult.cpp(936): note: 缺失的可变参数 9 为格式字符串“%8.2f”所需
  DetectorCascade.cpp
  EnsembleClassifier.cpp
  fhog.cpp
c:\users\18016\desktop\benchmark_otb\single-object-tracking\project1\clustering.cpp(60): warning C4267: “初始化”: 从“size_t”转换到“int”，可能丢失数据
c:\users\18016\desktop\benchmark_otb\single-object-tracking\project1\clustering.cpp(78): warning C4244: “=”: 从“double”转换到“_Tp”，可能丢失数据
          with
          [
              _Tp=int
          ]
c:\users\18016\desktop\benchmark_otb\single-object-tracking\project1\clustering.cpp(79): warning C4244: “=”: 从“double”转换到“_Tp”，可能丢失数据
          with
          [
              _Tp=int
          ]
c:\users\18016\desktop\benchmark_otb\single-object-tracking\project1\clustering.cpp(80): warning C4244: “=”: 从“double”转换到“_Tp”，可能丢失数据
          with
          [
              _Tp=int
          ]
c:\users\18016\desktop\benchmark_otb\single-object-tracking\project1\clustering.cpp(81): warning C4244: “=”: 从“double”转换到“_Tp”，可能丢失数据
          with
          [
              _Tp=int
          ]
c:\users\18016\desktop\benchmark_otb\single-object-tracking\project1\clustering.cpp(111): warning C4267: “初始化”: 从“size_t”转换到“int”，可能丢失数据
c:\users\18016\desktop\benchmark_otb\single-object-tracking\project1\clustering.cpp(131): warning C4267: “初始化”: 从“size_t”转换到“int”，可能丢失数据
  ForegroundDetector.cpp
  imgStream.cpp
c:\users\18016\desktop\benchmark_otb\single-object-tracking\project1\ensembleclassifier.cpp(65): warning C4244: “=”: 从“float”转换到“int”，可能丢失数据
c:\users\18016\desktop\benchmark_otb\single-object-tracking\project1\detectorcascade.cpp(49): warning C4305: “=”: 从“double”到“float”截断
c:\users\18016\desktop\benchmark_otb\single-object-tracking\project1\detectorcascade.cpp(182): warning C4244: “初始化”: 从“double”转换到“float”，可能丢失数据
c:\users\18016\desktop\benchmark_otb\single-object-tracking\project1\detectorcascade.cpp(183): warning C4244: “初始化”: 从“float”转换到“int”，可能丢失数据
c:\users\18016\desktop\benchmark_otb\single-object-tracking\project1\detectorcascade.cpp(184): warning C4244: “初始化”: 从“float”转换到“int”，可能丢失数据
c:\users\18016\desktop\benchmark_otb\single-object-tracking\project1\detectorcascade.cpp(189): warning C4244: “=”: 从“const _Ty”转换到“int”，可能丢失数据
          with
          [
              _Ty=float
          ]
c:\users\18016\desktop\benchmark_otb\single-object-tracking\project1\detectorcascade.cpp(190): warning C4244: “=”: 从“const _Ty”转换到“int”，可能丢失数据
          with
          [
              _Ty=float
          ]
c:\users\18016\desktop\benchmark_otb\single-object-tracking\project1\detectorcascade.cpp(205): warning C4244: “+=”: 从“float”转换到“int”，可能丢失数据
c:\users\18016\desktop\benchmark_otb\single-object-tracking\project1\detectorcascade.cpp(221): warning C4244: “=”: 从“const _Ty”转换到“int”，可能丢失数据
          with
          [
              _Ty=float
          ]
c:\users\18016\desktop\benchmark_otb\single-object-tracking\project1\detectorcascade.cpp(222): warning C4244: “=”: 从“const _Ty”转换到“int”，可能丢失数据
          with
          [
              _Ty=float
          ]
c:\users\18016\desktop\benchmark_otb\single-object-tracking\project1\blobresult.h(148): warning C4267: “return”: 从“size_t”转换到“int”，可能丢失数据 (编译源文件 ForegroundDetector.cpp)
  kcftracker.cpp
  kcf_tracking.cpp
  main.cpp
c:\users\18016\desktop\benchmark_otb\single-object-tracking\project1\imgstream.cpp(33): warning C4244: “=”: 从“double”转换到“int”，可能丢失数据
c:\users\18016\desktop\benchmark_otb\single-object-tracking\project1\imgstream.cpp(43): warning C4553: “==”: 未使用表达式结果；是否打算使用“=”?
  NNClassifier.cpp
c:\users\18016\desktop\benchmark_otb\single-object-tracking\project1\labdata.hpp(17): warning C4305: “初始化”: 从“double”到“float”截断 (编译源文件 kcftracker.cpp)
c:\users\18016\desktop\benchmark_otb\single-object-tracking\project1\kcftracker.cpp(96): warning C4305: “=”: 从“double”到“float”截断
c:\users\18016\desktop\benchmark_otb\single-object-tracking\project1\kcftracker.cpp(104): warning C4305: “=”: 从“double”到“float”截断
c:\users\18016\desktop\benchmark_otb\single-object-tracking\project1\kcftracker.cpp(105): warning C4305: “=”: 从“double”到“float”截断
c:\users\18016\desktop\benchmark_otb\single-object-tracking\project1\kcftracker.cpp(113): warning C4305: “=”: 从“double”到“float”截断
c:\users\18016\desktop\benchmark_otb\single-object-tracking\project1\kcftracker.cpp(114): warning C4305: “=”: 从“double”到“float”截断
c:\users\18016\desktop\benchmark_otb\single-object-tracking\project1\kcftracker.cpp(116): warning C4305: “=”: 从“double”到“float”截断
c:\users\18016\desktop\benchmark_otb\single-object-tracking\project1\kcftracker.cpp(127): warning C4305: “=”: 从“double”到“float”截断
c:\users\18016\desktop\benchmark_otb\single-object-tracking\project1\kcftracker.cpp(128): warning C4305: “=”: 从“double”到“float”截断
c:\users\18016\desktop\benchmark_otb\single-object-tracking\project1\kcftracker.cpp(142): warning C4305: “=”: 从“double”到“float”截断
c:\users\18016\desktop\benchmark_otb\single-object-tracking\project1\kcftracker.cpp(143): warning C4305: “=”: 从“double”到“float”截断
c:\users\18016\desktop\benchmark_otb\single-object-tracking\project1\kcftracker.cpp(185): warning C4244: “=”: 从“int”转换到“_Tp”，可能丢失数据
          with
          [
              _Tp=float
          ]
c:\users\18016\desktop\benchmark_otb\single-object-tracking\project1\kcftracker.cpp(186): warning C4244: “=”: 从“int”转换到“_Tp”，可能丢失数据
          with
          [
              _Tp=float
          ]
c:\users\18016\desktop\benchmark_otb\single-object-tracking\project1\kcftracker.cpp(224): warning C4244: “=”: 从“int”转换到“_Tp”，可能丢失数据
          with
          [
              _Tp=float
          ]
c:\users\18016\desktop\benchmark_otb\single-object-tracking\project1\kcftracker.cpp(225): warning C4244: “=”: 从“int”转换到“_Tp”，可能丢失数据
          with
          [
              _Tp=float
          ]
c:\users\18016\desktop\benchmark_otb\single-object-tracking\project1\kcftracker.cpp(337): warning C4244: “初始化”: 从“double”转换到“float”，可能丢失数据
c:\users\18016\desktop\benchmark_otb\single-object-tracking\project1\kcftracker.cpp(358): warning C4244: “初始化”: 从“_Tp”转换到“int”，可能丢失数据
          with
          [
              _Tp=float
          ]
c:\users\18016\desktop\benchmark_otb\single-object-tracking\project1\kcftracker.cpp(359): warning C4244: “初始化”: 从“_Tp”转换到“int”，可能丢失数据
          with
          [
              _Tp=float
          ]
c:\users\18016\desktop\benchmark_otb\single-object-tracking\project1\kcftracker.cpp(367): warning C4244: “=”: 从“float”转换到“_Tp”，可能丢失数据
          with
          [
              _Tp=int
          ]
c:\users\18016\desktop\benchmark_otb\single-object-tracking\project1\kcftracker.cpp(368): warning C4244: “=”: 从“float”转换到“_Tp”，可能丢失数据
          with
          [
              _Tp=int
          ]
c:\users\18016\desktop\benchmark_otb\single-object-tracking\project1\kcftracker.cpp(398): warning C4244: “=”: 从“float”转换到“_Tp”，可能丢失数据
          with
          [
              _Tp=int
          ]
c:\users\18016\desktop\benchmark_otb\single-object-tracking\project1\kcftracker.cpp(399): warning C4244: “=”: 从“float”转换到“_Tp”，可能丢失数据
          with
          [
              _Tp=int
          ]
c:\users\18016\desktop\benchmark_otb\single-object-tracking\project1\kcftracker.cpp(402): warning C4244: “=”: 从“float”转换到“_Tp”，可能丢失数据
          with
          [
              _Tp=int
          ]
c:\users\18016\desktop\benchmark_otb\single-object-tracking\project1\kcftracker.cpp(403): warning C4244: “=”: 从“float”转换到“_Tp”，可能丢失数据
          with
          [
              _Tp=int
          ]
c:\users\18016\desktop\benchmark_otb\single-object-tracking\project1\kcftracker.cpp(462): warning C4244: “+=”: 从“double”转换到“_Tp”，可能丢失数据
          with
          [
              _Tp=float
          ]
c:\users\18016\desktop\benchmark_otb\single-object-tracking\project1\kcftracker.cpp(496): warning C4244: “=”: 从“double”转换到“_Tp”，可能丢失数据
          with
          [
              _Tp=float
          ]
c:\users\18016\desktop\benchmark_otb\single-object-tracking\project1\kcftracker.cpp(498): warning C4244: “=”: 从“double”转换到“_Tp”，可能丢失数据
          with
          [
              _Tp=float
          ]
c:\users\18016\desktop\benchmark_otb\single-object-tracking\project1\kcftracker.cpp(526): warning C4244: “return”: 从“double”转换到“float”，可能丢失数据
c:\users\18016\desktop\benchmark_otb\single-object-tracking\project1\main.cpp(75): warning C4244: “初始化”: 从“int64”转换到“double”，可能丢失数据
c:\users\18016\desktop\benchmark_otb\single-object-tracking\project1\main.cpp(79): warning C4244: “初始化”: 从“double”转换到“float”，可能丢失数据
c:\users\18016\desktop\benchmark_otb\single-object-tracking\project1\main.cpp(110): warning C4305: “=”: 从“double”到“float”截断
c:\users\18016\desktop\benchmark_otb\single-object-tracking\project1\main.cpp(116): warning C4305: “=”: 从“double”到“float”截断
c:\users\18016\desktop\benchmark_otb\single-object-tracking\project1\main.cpp(121): warning C4267: “=”: 从“size_t”转换到“int”，可能丢失数据
  runtracker.cpp
  TLD.cpp
  TLDUtil.cpp
c:\users\18016\desktop\benchmark_otb\single-object-tracking\project1\nnclassifier.cpp(40): warning C4305: “=”: 从“double”到“float”截断
c:\users\18016\desktop\benchmark_otb\single-object-tracking\project1\nnclassifier.cpp(78): warning C4244: “return”: 从“double”转换到“float”，可能丢失数据
  VarianceFilter.cpp
c:\users\18016\desktop\benchmark_otb\single-object-tracking\project1\tld.cpp(310): warning C4267: “初始化”: 从“size_t”转换到“int”，可能丢失数据
c:\users\18016\desktop\benchmark_otb\single-object-tracking\project1\tld.cpp(406): warning C4267: “初始化”: 从“size_t”转换到“int”，可能丢失数据
c:\users\18016\desktop\benchmark_otb\single-object-tracking\project1\tld.cpp(457): warning C4477: “fprintf”: 格式字符串“%d”需要类型“int”的参数，但可变参数 1 拥有了类型“unsigned __int64”
  c:\users\18016\desktop\benchmark_otb\single-object-tracking\project1\tld.cpp(457): note: 请考虑在格式字符串中使用“%zd”
c:\users\18016\desktop\benchmark_otb\single-object-tracking\project1\tld.cpp(476): warning C4477: “fprintf”: 格式字符串“%d”需要类型“int”的参数，但可变参数 1 拥有了类型“unsigned __int64”
  c:\users\18016\desktop\benchmark_otb\single-object-tracking\project1\tld.cpp(476): note: 请考虑在格式字符串中使用“%zd”
c:\users\18016\desktop\benchmark_otb\single-object-tracking\project1\tld.cpp(525): warning C4477: “fprintf”: 格式字符串“%d”需要类型“int”的参数，但可变参数 1 拥有了类型“unsigned __int64”
  c:\users\18016\desktop\benchmark_otb\single-object-tracking\project1\tld.cpp(525): note: 请考虑在格式字符串中使用“%zd”
c:\users\18016\desktop\benchmark_otb\single-object-tracking\project1\tld.cpp(585): warning C4244: “初始化”: 从“double”转换到“float”，可能丢失数据
c:\users\18016\desktop\benchmark_otb\single-object-tracking\project1\tld.cpp(617): warning C4244: “初始化”: 从“double”转换到“float”，可能丢失数据
c:\users\18016\desktop\benchmark_otb\single-object-tracking\project1\tld.cpp(639): warning C4244: “=”: 从“float”转换到“int”，可能丢失数据
  Project1.vcxproj -> C:\Users\18016\Desktop\Benchmark_OTB\Single-Object-Tracking\x64\Debug\SingleObjectTracking.exe
